2014/06/26 11:21:42 [error] [exception.CHttpException.404] exception 'CHttpException' with message 'Unable to resolve the request "user".' in C:\xampp\htdocs\yiiproject\framework\web\CWebApplication.php:286
Stack trace:
#0 C:\xampp\htdocs\yiiproject\framework\web\CWebApplication.php(141): CWebApplication->runController('user')
#1 C:\xampp\htdocs\yiiproject\framework\base\CApplication.php(180): CWebApplication->processRequest()
#2 C:\xampp\htdocs\blog\index.php(13): CApplication->run()
#3 {main}
REQUEST_URI=/blog/index.php/user
---
2014/06/26 11:21:50 [error] [exception.CHttpException.404] exception 'CHttpException' with message 'Unable to resolve the request "user".' in C:\xampp\htdocs\yiiproject\framework\web\CWebApplication.php:286
Stack trace:
#0 C:\xampp\htdocs\yiiproject\framework\web\CWebApplication.php(141): CWebApplication->runController('user')
#1 C:\xampp\htdocs\yiiproject\framework\base\CApplication.php(180): CWebApplication->processRequest()
#2 C:\xampp\htdocs\blog\index.php(13): CApplication->run()
#3 {main}
REQUEST_URI=/blog/user
---
2014/06/26 11:21:55 [error] [exception.CHttpException.404] exception 'CHttpException' with message 'Unable to resolve the request "post".' in C:\xampp\htdocs\yiiproject\framework\web\CWebApplication.php:286
Stack trace:
#0 C:\xampp\htdocs\yiiproject\framework\web\CWebApplication.php(141): CWebApplication->runController('post')
#1 C:\xampp\htdocs\yiiproject\framework\base\CApplication.php(180): CWebApplication->processRequest()
#2 C:\xampp\htdocs\blog\index.php(13): CApplication->run()
#3 {main}
REQUEST_URI=/blog/post
---
2014/06/26 11:45:36 [error] [exception.CException] exception 'CException' with message 'Property "TblUser.name" is not defined.' in C:\xampp\htdocs\yiiproject\framework\base\CComponent.php:130
Stack trace:
#0 C:\xampp\htdocs\yiiproject\framework\db\ar\CActiveRecord.php(145): CComponent->__get('name')
#1 C:\xampp\htdocs\blog\protected\views\tblPost\view.php(25): CActiveRecord->__get('name')
#2 C:\xampp\htdocs\yiiproject\framework\web\CBaseController.php(126): require('C:\xampp\htdocs...')
#3 C:\xampp\htdocs\yiiproject\framework\web\CBaseController.php(95): CBaseController->renderInternal('C:\xampp\htdocs...', Array, true)
#4 C:\xampp\htdocs\yiiproject\framework\web\CController.php(869): CBaseController->renderFile('C:\xampp\htdocs...', Array, true)
#5 C:\xampp\htdocs\yiiproject\framework\web\CController.php(782): CController->renderPartial('view', Array, true)
#6 C:\xampp\htdocs\blog\protected\controllers\TblPostController.php(56): CController->render('view', Array)
#7 [internal function]: TblPostController->actionView('1')
#8 C:\xampp\htdocs\yiiproject\framework\web\actions\CAction.php(108): ReflectionMethod->invokeArgs(Object(TblPostController), Array)
#9 C:\xampp\htdocs\yiiproject\framework\web\actions\CInlineAction.php(47): CAction->runWithParamsInternal(Object(TblPostController), Object(ReflectionMethod), Array)
#10 C:\xampp\htdocs\yiiproject\framework\web\CController.php(308): CInlineAction->runWithParams(Array)
#11 C:\xampp\htdocs\yiiproject\framework\web\filters\CFilterChain.php(133): CController->runAction(Object(CInlineAction))
#12 C:\xampp\htdocs\yiiproject\framework\web\filters\CFilter.php(40): CFilterChain->run()
#13 C:\xampp\htdocs\yiiproject\framework\web\CController.php(1145): CFilter->filter(Object(CFilterChain))
#14 C:\xampp\htdocs\yiiproject\framework\web\filters\CInlineFilter.php(58): CController->filterAccessControl(Object(CFilterChain))
#15 C:\xampp\htdocs\yiiproject\framework\web\filters\CFilterChain.php(130): CInlineFilter->filter(Object(CFilterChain))
#16 C:\xampp\htdocs\yiiproject\framework\web\CController.php(291): CFilterChain->run()
#17 C:\xampp\htdocs\yiiproject\framework\web\CController.php(265): CController->runActionWithFilters(Object(CInlineAction), Array)
#18 C:\xampp\htdocs\yiiproject\framework\web\CWebApplication.php(282): CController->run('view')
#19 C:\xampp\htdocs\yiiproject\framework\web\CWebApplication.php(141): CWebApplication->runController('tblpost/view')
#20 C:\xampp\htdocs\yiiproject\framework\base\CApplication.php(180): CWebApplication->processRequest()
#21 C:\xampp\htdocs\blog\index.php(13): CApplication->run()
#22 {main}
REQUEST_URI=/blog/index.php/tblpost/1
HTTP_REFERER=http://localhost/blog/
---
2014/06/26 11:48:37 [error] [exception.CException] exception 'CException' with message 'Property "TblPost.tbluser" is not defined.' in C:\xampp\htdocs\yiiproject\framework\base\CComponent.php:130
Stack trace:
#0 C:\xampp\htdocs\yiiproject\framework\db\ar\CActiveRecord.php(145): CComponent->__get('tbluser')
#1 C:\xampp\htdocs\blog\protected\views\tblPost\_view.php(9): CActiveRecord->__get('tbluser')
#2 C:\xampp\htdocs\yiiproject\framework\web\CBaseController.php(130): require('C:\xampp\htdocs...')
#3 C:\xampp\htdocs\yiiproject\framework\web\CBaseController.php(95): CBaseController->renderInternal('C:\xampp\htdocs...', Array, false)
#4 C:\xampp\htdocs\yiiproject\framework\zii\widgets\CListView.php(291): CBaseController->renderFile('C:\xampp\htdocs...', Array)
#5 C:\xampp\htdocs\yiiproject\framework\zii\widgets\CBaseListView.php(167): CListView->renderItems()
#6 [internal function]: CBaseListView->renderSection(Array)
#7 C:\xampp\htdocs\yiiproject\framework\zii\widgets\CBaseListView.php(150): preg_replace_callback('/{(\w+)}/', Array, '{summary}?{sort...')
#8 C:\xampp\htdocs\yiiproject\framework\zii\widgets\CBaseListView.php(135): CBaseListView->renderContent()
#9 C:\xampp\htdocs\yiiproject\framework\web\CBaseController.php(173): CBaseListView->run()
#10 C:\xampp\htdocs\blog\protected\views\tblPost\index.php(20): CBaseController->widget('zii.widgets.CLi...', Array)
#11 C:\xampp\htdocs\yiiproject\framework\web\CBaseController.php(126): require('C:\xampp\htdocs...')
#12 C:\xampp\htdocs\yiiproject\framework\web\CBaseController.php(95): CBaseController->renderInternal('C:\xampp\htdocs...', Array, true)
#13 C:\xampp\htdocs\yiiproject\framework\web\CController.php(869): CBaseController->renderFile('C:\xampp\htdocs...', Array, true)
#14 C:\xampp\htdocs\yiiproject\framework\web\CController.php(782): CController->renderPartial('index', Array, true)
#15 C:\xampp\htdocs\blog\protected\controllers\TblPostController.php(128): CController->render('index', Array)
#16 C:\xampp\htdocs\yiiproject\framework\web\actions\CInlineAction.php(49): TblPostController->actionIndex()
#17 C:\xampp\htdocs\yiiproject\framework\web\CController.php(308): CInlineAction->runWithParams(Array)
#18 C:\xampp\htdocs\yiiproject\framework\web\filters\CFilterChain.php(133): CController->runAction(Object(CInlineAction))
#19 C:\xampp\htdocs\yiiproject\framework\web\filters\CFilter.php(40): CFilterChain->run()
#20 C:\xampp\htdocs\yiiproject\framework\web\CController.php(1145): CFilter->filter(Object(CFilterChain))
#21 C:\xampp\htdocs\yiiproject\framework\web\filters\CInlineFilter.php(58): CController->filterAccessControl(Object(CFilterChain))
#22 C:\xampp\htdocs\yiiproject\framework\web\filters\CFilterChain.php(130): CInlineFilter->filter(Object(CFilterChain))
#23 C:\xampp\htdocs\yiiproject\framework\web\CController.php(291): CFilterChain->run()
#24 C:\xampp\htdocs\yiiproject\framework\web\CController.php(265): CController->runActionWithFilters(Object(CInlineAction), Array)
#25 C:\xampp\htdocs\yiiproject\framework\web\CWebApplication.php(282): CController->run('index')
#26 C:\xampp\htdocs\yiiproject\framework\web\CWebApplication.php(141): CWebApplication->runController('tblpost/index')
#27 C:\xampp\htdocs\yiiproject\framework\base\CApplication.php(180): CWebApplication->processRequest()
#28 C:\xampp\htdocs\blog\index.php(13): CApplication->run()
#29 {main}
REQUEST_URI=/blog/index.php/tblpost/index
HTTP_REFERER=http://localhost/blog/index.php/tblpost/1
---
2014/06/26 11:48:58 [error] [exception.CException] exception 'CException' with message 'Property "TblPost.username" is not defined.' in C:\xampp\htdocs\yiiproject\framework\base\CComponent.php:130
Stack trace:
#0 C:\xampp\htdocs\yiiproject\framework\db\ar\CActiveRecord.php(145): CComponent->__get('username')
#1 C:\xampp\htdocs\blog\protected\views\tblPost\_view.php(9): CActiveRecord->__get('username')
#2 C:\xampp\htdocs\yiiproject\framework\web\CBaseController.php(130): require('C:\xampp\htdocs...')
#3 C:\xampp\htdocs\yiiproject\framework\web\CBaseController.php(95): CBaseController->renderInternal('C:\xampp\htdocs...', Array, false)
#4 C:\xampp\htdocs\yiiproject\framework\zii\widgets\CListView.php(291): CBaseController->renderFile('C:\xampp\htdocs...', Array)
#5 C:\xampp\htdocs\yiiproject\framework\zii\widgets\CBaseListView.php(167): CListView->renderItems()
#6 [internal function]: CBaseListView->renderSection(Array)
#7 C:\xampp\htdocs\yiiproject\framework\zii\widgets\CBaseListView.php(150): preg_replace_callback('/{(\w+)}/', Array, '{summary}?{sort...')
#8 C:\xampp\htdocs\yiiproject\framework\zii\widgets\CBaseListView.php(135): CBaseListView->renderContent()
#9 C:\xampp\htdocs\yiiproject\framework\web\CBaseController.php(173): CBaseListView->run()
#10 C:\xampp\htdocs\blog\protected\views\tblPost\index.php(20): CBaseController->widget('zii.widgets.CLi...', Array)
#11 C:\xampp\htdocs\yiiproject\framework\web\CBaseController.php(126): require('C:\xampp\htdocs...')
#12 C:\xampp\htdocs\yiiproject\framework\web\CBaseController.php(95): CBaseController->renderInternal('C:\xampp\htdocs...', Array, true)
#13 C:\xampp\htdocs\yiiproject\framework\web\CController.php(869): CBaseController->renderFile('C:\xampp\htdocs...', Array, true)
#14 C:\xampp\htdocs\yiiproject\framework\web\CController.php(782): CController->renderPartial('index', Array, true)
#15 C:\xampp\htdocs\blog\protected\controllers\TblPostController.php(128): CController->render('index', Array)
#16 C:\xampp\htdocs\yiiproject\framework\web\actions\CInlineAction.php(49): TblPostController->actionIndex()
#17 C:\xampp\htdocs\yiiproject\framework\web\CController.php(308): CInlineAction->runWithParams(Array)
#18 C:\xampp\htdocs\yiiproject\framework\web\filters\CFilterChain.php(133): CController->runAction(Object(CInlineAction))
#19 C:\xampp\htdocs\yiiproject\framework\web\filters\CFilter.php(40): CFilterChain->run()
#20 C:\xampp\htdocs\yiiproject\framework\web\CController.php(1145): CFilter->filter(Object(CFilterChain))
#21 C:\xampp\htdocs\yiiproject\framework\web\filters\CInlineFilter.php(58): CController->filterAccessControl(Object(CFilterChain))
#22 C:\xampp\htdocs\yiiproject\framework\web\filters\CFilterChain.php(130): CInlineFilter->filter(Object(CFilterChain))
#23 C:\xampp\htdocs\yiiproject\framework\web\CController.php(291): CFilterChain->run()
#24 C:\xampp\htdocs\yiiproject\framework\web\CController.php(265): CController->runActionWithFilters(Object(CInlineAction), Array)
#25 C:\xampp\htdocs\yiiproject\framework\web\CWebApplication.php(282): CController->run('index')
#26 C:\xampp\htdocs\yiiproject\framework\web\CWebApplication.php(141): CWebApplication->runController('tblpost/index')
#27 C:\xampp\htdocs\yiiproject\framework\base\CApplication.php(180): CWebApplication->processRequest()
#28 C:\xampp\htdocs\blog\index.php(13): CApplication->run()
#29 {main}
REQUEST_URI=/blog/index.php/tblpost/index
HTTP_REFERER=http://localhost/blog/index.php/tblpost/1
---
2014/06/26 11:49:08 [error] [exception.CException] exception 'CException' with message 'Property "TblPost.tbluser" is not defined.' in C:\xampp\htdocs\yiiproject\framework\base\CComponent.php:130
Stack trace:
#0 C:\xampp\htdocs\yiiproject\framework\db\ar\CActiveRecord.php(145): CComponent->__get('tbluser')
#1 C:\xampp\htdocs\blog\protected\views\tblPost\_view.php(9): CActiveRecord->__get('tbluser')
#2 C:\xampp\htdocs\yiiproject\framework\web\CBaseController.php(130): require('C:\xampp\htdocs...')
#3 C:\xampp\htdocs\yiiproject\framework\web\CBaseController.php(95): CBaseController->renderInternal('C:\xampp\htdocs...', Array, false)
#4 C:\xampp\htdocs\yiiproject\framework\zii\widgets\CListView.php(291): CBaseController->renderFile('C:\xampp\htdocs...', Array)
#5 C:\xampp\htdocs\yiiproject\framework\zii\widgets\CBaseListView.php(167): CListView->renderItems()
#6 [internal function]: CBaseListView->renderSection(Array)
#7 C:\xampp\htdocs\yiiproject\framework\zii\widgets\CBaseListView.php(150): preg_replace_callback('/{(\w+)}/', Array, '{summary}?{sort...')
#8 C:\xampp\htdocs\yiiproject\framework\zii\widgets\CBaseListView.php(135): CBaseListView->renderContent()
#9 C:\xampp\htdocs\yiiproject\framework\web\CBaseController.php(173): CBaseListView->run()
#10 C:\xampp\htdocs\blog\protected\views\tblPost\index.php(20): CBaseController->widget('zii.widgets.CLi...', Array)
#11 C:\xampp\htdocs\yiiproject\framework\web\CBaseController.php(126): require('C:\xampp\htdocs...')
#12 C:\xampp\htdocs\yiiproject\framework\web\CBaseController.php(95): CBaseController->renderInternal('C:\xampp\htdocs...', Array, true)
#13 C:\xampp\htdocs\yiiproject\framework\web\CController.php(869): CBaseController->renderFile('C:\xampp\htdocs...', Array, true)
#14 C:\xampp\htdocs\yiiproject\framework\web\CController.php(782): CController->renderPartial('index', Array, true)
#15 C:\xampp\htdocs\blog\protected\controllers\TblPostController.php(128): CController->render('index', Array)
#16 C:\xampp\htdocs\yiiproject\framework\web\actions\CInlineAction.php(49): TblPostController->actionIndex()
#17 C:\xampp\htdocs\yiiproject\framework\web\CController.php(308): CInlineAction->runWithParams(Array)
#18 C:\xampp\htdocs\yiiproject\framework\web\filters\CFilterChain.php(133): CController->runAction(Object(CInlineAction))
#19 C:\xampp\htdocs\yiiproject\framework\web\filters\CFilter.php(40): CFilterChain->run()
#20 C:\xampp\htdocs\yiiproject\framework\web\CController.php(1145): CFilter->filter(Object(CFilterChain))
#21 C:\xampp\htdocs\yiiproject\framework\web\filters\CInlineFilter.php(58): CController->filterAccessControl(Object(CFilterChain))
#22 C:\xampp\htdocs\yiiproject\framework\web\filters\CFilterChain.php(130): CInlineFilter->filter(Object(CFilterChain))
#23 C:\xampp\htdocs\yiiproject\framework\web\CController.php(291): CFilterChain->run()
#24 C:\xampp\htdocs\yiiproject\framework\web\CController.php(265): CController->runActionWithFilters(Object(CInlineAction), Array)
#25 C:\xampp\htdocs\yiiproject\framework\web\CWebApplication.php(282): CController->run('index')
#26 C:\xampp\htdocs\yiiproject\framework\web\CWebApplication.php(141): CWebApplication->runController('tblpost/index')
#27 C:\xampp\htdocs\yiiproject\framework\base\CApplication.php(180): CWebApplication->processRequest()
#28 C:\xampp\htdocs\blog\index.php(13): CApplication->run()
#29 {main}
REQUEST_URI=/blog/index.php/tblpost/index
HTTP_REFERER=http://localhost/blog/index.php/tblpost/1
---
2014/06/26 12:03:56 [error] [php] Trying to get property of non-object (C:\xampp\htdocs\blog\protected\views\tblPost\admin.php:49)
Stack trace:
#0 C:\xampp\htdocs\yiiproject\framework\web\CController.php(869): TblPostController->renderFile()
#1 C:\xampp\htdocs\yiiproject\framework\web\CController.php(782): TblPostController->renderPartial()
#2 C:\xampp\htdocs\blog\protected\controllers\TblPostController.php(143): TblPostController->render()
#3 C:\xampp\htdocs\yiiproject\framework\web\actions\CInlineAction.php(49): TblPostController->actionAdmin()
#4 C:\xampp\htdocs\yiiproject\framework\web\CController.php(308): CInlineAction->runWithParams()
#5 C:\xampp\htdocs\yiiproject\framework\web\filters\CFilterChain.php(133): TblPostController->runAction()
#6 C:\xampp\htdocs\yiiproject\framework\web\filters\CFilter.php(40): CFilterChain->run()
#7 C:\xampp\htdocs\yiiproject\framework\web\CController.php(1145): CAccessControlFilter->filter()
#8 C:\xampp\htdocs\yiiproject\framework\web\filters\CInlineFilter.php(58): TblPostController->filterAccessControl()
#9 C:\xampp\htdocs\yiiproject\framework\web\filters\CFilterChain.php(130): CInlineFilter->filter()
#10 C:\xampp\htdocs\yiiproject\framework\web\CController.php(291): CFilterChain->run()
#11 C:\xampp\htdocs\yiiproject\framework\web\CController.php(265): TblPostController->runActionWithFilters()
#12 C:\xampp\htdocs\yiiproject\framework\web\CWebApplication.php(282): TblPostController->run()
#13 C:\xampp\htdocs\yiiproject\framework\web\CWebApplication.php(141): CWebApplication->runController()
#14 C:\xampp\htdocs\yiiproject\framework\base\CApplication.php(180): CWebApplication->processRequest()
#15 C:\xampp\htdocs\blog\index.php(13): CWebApplication->run()
REQUEST_URI=/blog/index.php/tblpost/admin
in C:\xampp\htdocs\blog\protected\views\tblPost\admin.php (49)
in C:\xampp\htdocs\blog\protected\controllers\TblPostController.php (143)
in C:\xampp\htdocs\blog\index.php (13)
2014/06/26 12:04:56 [error] [exception.CException] exception 'CException' with message 'Property "TblPost.username" is not defined.' in C:\xampp\htdocs\yiiproject\framework\base\CComponent.php:130
Stack trace:
#0 C:\xampp\htdocs\yiiproject\framework\db\ar\CActiveRecord.php(145): CComponent->__get('username')
#1 C:\xampp\htdocs\blog\protected\views\tblPost\admin.php(49): CActiveRecord->__get('username')
#2 C:\xampp\htdocs\yiiproject\framework\web\CBaseController.php(126): require('C:\xampp\htdocs...')
#3 C:\xampp\htdocs\yiiproject\framework\web\CBaseController.php(95): CBaseController->renderInternal('C:\xampp\htdocs...', Array, true)
#4 C:\xampp\htdocs\yiiproject\framework\web\CController.php(869): CBaseController->renderFile('C:\xampp\htdocs...', Array, true)
#5 C:\xampp\htdocs\yiiproject\framework\web\CController.php(782): CController->renderPartial('admin', Array, true)
#6 C:\xampp\htdocs\blog\protected\controllers\TblPostController.php(143): CController->render('admin', Array)
#7 C:\xampp\htdocs\yiiproject\framework\web\actions\CInlineAction.php(49): TblPostController->actionAdmin()
#8 C:\xampp\htdocs\yiiproject\framework\web\CController.php(308): CInlineAction->runWithParams(Array)
#9 C:\xampp\htdocs\yiiproject\framework\web\filters\CFilterChain.php(133): CController->runAction(Object(CInlineAction))
#10 C:\xampp\htdocs\yiiproject\framework\web\filters\CFilter.php(40): CFilterChain->run()
#11 C:\xampp\htdocs\yiiproject\framework\web\CController.php(1145): CFilter->filter(Object(CFilterChain))
#12 C:\xampp\htdocs\yiiproject\framework\web\filters\CInlineFilter.php(58): CController->filterAccessControl(Object(CFilterChain))
#13 C:\xampp\htdocs\yiiproject\framework\web\filters\CFilterChain.php(130): CInlineFilter->filter(Object(CFilterChain))
#14 C:\xampp\htdocs\yiiproject\framework\web\CController.php(291): CFilterChain->run()
#15 C:\xampp\htdocs\yiiproject\framework\web\CController.php(265): CController->runActionWithFilters(Object(CInlineAction), Array)
#16 C:\xampp\htdocs\yiiproject\framework\web\CWebApplication.php(282): CController->run('admin')
#17 C:\xampp\htdocs\yiiproject\framework\web\CWebApplication.php(141): CWebApplication->runController('tblpost/admin')
#18 C:\xampp\htdocs\yiiproject\framework\base\CApplication.php(180): CWebApplication->processRequest()
#19 C:\xampp\htdocs\blog\index.php(13): CApplication->run()
#20 {main}
REQUEST_URI=/blog/index.php/tblpost/admin
---
2014/06/26 12:05:33 [error] [php] Trying to get property of non-object (C:\xampp\htdocs\blog\protected\views\tblPost\admin.php:49)
Stack trace:
#0 C:\xampp\htdocs\yiiproject\framework\web\CController.php(869): TblPostController->renderFile()
#1 C:\xampp\htdocs\yiiproject\framework\web\CController.php(782): TblPostController->renderPartial()
#2 C:\xampp\htdocs\blog\protected\controllers\TblPostController.php(143): TblPostController->render()
#3 C:\xampp\htdocs\yiiproject\framework\web\actions\CInlineAction.php(49): TblPostController->actionAdmin()
#4 C:\xampp\htdocs\yiiproject\framework\web\CController.php(308): CInlineAction->runWithParams()
#5 C:\xampp\htdocs\yiiproject\framework\web\filters\CFilterChain.php(133): TblPostController->runAction()
#6 C:\xampp\htdocs\yiiproject\framework\web\filters\CFilter.php(40): CFilterChain->run()
#7 C:\xampp\htdocs\yiiproject\framework\web\CController.php(1145): CAccessControlFilter->filter()
#8 C:\xampp\htdocs\yiiproject\framework\web\filters\CInlineFilter.php(58): TblPostController->filterAccessControl()
#9 C:\xampp\htdocs\yiiproject\framework\web\filters\CFilterChain.php(130): CInlineFilter->filter()
#10 C:\xampp\htdocs\yiiproject\framework\web\CController.php(291): CFilterChain->run()
#11 C:\xampp\htdocs\yiiproject\framework\web\CController.php(265): TblPostController->runActionWithFilters()
#12 C:\xampp\htdocs\yiiproject\framework\web\CWebApplication.php(282): TblPostController->run()
#13 C:\xampp\htdocs\yiiproject\framework\web\CWebApplication.php(141): CWebApplication->runController()
#14 C:\xampp\htdocs\yiiproject\framework\base\CApplication.php(180): CWebApplication->processRequest()
#15 C:\xampp\htdocs\blog\index.php(13): CWebApplication->run()
REQUEST_URI=/blog/index.php/tblpost/admin
in C:\xampp\htdocs\blog\protected\views\tblPost\admin.php (49)
in C:\xampp\htdocs\blog\protected\controllers\TblPostController.php (143)
in C:\xampp\htdocs\blog\index.php (13)
2014/06/26 12:09:52 [error] [php] Trying to get property of non-object (C:\xampp\htdocs\blog\protected\views\tblPost\_search.php:16)
Stack trace:
#0 C:\xampp\htdocs\yiiproject\framework\web\CController.php(869): TblPostController->renderFile()
#1 C:\xampp\htdocs\blog\protected\views\tblPost\admin.php(40): TblPostController->renderPartial()
#2 C:\xampp\htdocs\yiiproject\framework\web\CBaseController.php(126): require()
#3 C:\xampp\htdocs\yiiproject\framework\web\CBaseController.php(95): TblPostController->renderInternal()
#4 C:\xampp\htdocs\yiiproject\framework\web\CController.php(869): TblPostController->renderFile()
#5 C:\xampp\htdocs\yiiproject\framework\web\CController.php(782): TblPostController->renderPartial()
#6 C:\xampp\htdocs\blog\protected\controllers\TblPostController.php(143): TblPostController->render()
#7 C:\xampp\htdocs\yiiproject\framework\web\actions\CInlineAction.php(49): TblPostController->actionAdmin()
#8 C:\xampp\htdocs\yiiproject\framework\web\CController.php(308): CInlineAction->runWithParams()
#9 C:\xampp\htdocs\yiiproject\framework\web\filters\CFilterChain.php(133): TblPostController->runAction()
#10 C:\xampp\htdocs\yiiproject\framework\web\filters\CFilter.php(40): CFilterChain->run()
#11 C:\xampp\htdocs\yiiproject\framework\web\CController.php(1145): CAccessControlFilter->filter()
#12 C:\xampp\htdocs\yiiproject\framework\web\filters\CInlineFilter.php(58): TblPostController->filterAccessControl()
#13 C:\xampp\htdocs\yiiproject\framework\web\filters\CFilterChain.php(130): CInlineFilter->filter()
#14 C:\xampp\htdocs\yiiproject\framework\web\CController.php(291): CFilterChain->run()
#15 C:\xampp\htdocs\yiiproject\framework\web\CController.php(265): TblPostController->runActionWithFilters()
#16 C:\xampp\htdocs\yiiproject\framework\web\CWebApplication.php(282): TblPostController->run()
#17 C:\xampp\htdocs\yiiproject\framework\web\CWebApplication.php(141): CWebApplication->runController()
#18 C:\xampp\htdocs\yiiproject\framework\base\CApplication.php(180): CWebApplication->processRequest()
#19 C:\xampp\htdocs\blog\index.php(13): CWebApplication->run()
REQUEST_URI=/blog/index.php/tblpost/admin
in C:\xampp\htdocs\blog\protected\views\tblPost\_search.php (16)
in C:\xampp\htdocs\blog\protected\views\tblPost\admin.php (40)
in C:\xampp\htdocs\blog\protected\controllers\TblPostController.php (143)
2014/06/26 12:11:36 [error] [php] Trying to get property of non-object (C:\xampp\htdocs\blog\protected\models\TblPost.php:91)
Stack trace:
#0 C:\xampp\htdocs\yiiproject\framework\web\CBaseController.php(95): TblPostController->renderInternal()
#1 C:\xampp\htdocs\yiiproject\framework\web\CController.php(869): TblPostController->renderFile()
#2 C:\xampp\htdocs\yiiproject\framework\web\CController.php(782): TblPostController->renderPartial()
#3 C:\xampp\htdocs\blog\protected\controllers\TblPostController.php(143): TblPostController->render()
#4 C:\xampp\htdocs\yiiproject\framework\web\actions\CInlineAction.php(49): TblPostController->actionAdmin()
#5 C:\xampp\htdocs\yiiproject\framework\web\CController.php(308): CInlineAction->runWithParams()
#6 C:\xampp\htdocs\yiiproject\framework\web\filters\CFilterChain.php(133): TblPostController->runAction()
#7 C:\xampp\htdocs\yiiproject\framework\web\filters\CFilter.php(40): CFilterChain->run()
#8 C:\xampp\htdocs\yiiproject\framework\web\CController.php(1145): CAccessControlFilter->filter()
#9 C:\xampp\htdocs\yiiproject\framework\web\filters\CInlineFilter.php(58): TblPostController->filterAccessControl()
#10 C:\xampp\htdocs\yiiproject\framework\web\filters\CFilterChain.php(130): CInlineFilter->filter()
#11 C:\xampp\htdocs\yiiproject\framework\web\CController.php(291): CFilterChain->run()
#12 C:\xampp\htdocs\yiiproject\framework\web\CController.php(265): TblPostController->runActionWithFilters()
#13 C:\xampp\htdocs\yiiproject\framework\web\CWebApplication.php(282): TblPostController->run()
#14 C:\xampp\htdocs\yiiproject\framework\web\CWebApplication.php(141): CWebApplication->runController()
#15 C:\xampp\htdocs\yiiproject\framework\base\CApplication.php(180): CWebApplication->processRequest()
#16 C:\xampp\htdocs\blog\index.php(13): CWebApplication->run()
REQUEST_URI=/blog/index.php/tblpost/admin
in C:\xampp\htdocs\blog\protected\models\TblPost.php (91)
in C:\xampp\htdocs\blog\protected\views\tblPost\admin.php (45)
in C:\xampp\htdocs\blog\protected\controllers\TblPostController.php (143)
2014/06/26 12:11:39 [error] [php] Trying to get property of non-object (C:\xampp\htdocs\blog\protected\models\TblPost.php:91)
Stack trace:
#0 C:\xampp\htdocs\yiiproject\framework\web\CBaseController.php(95): TblPostController->renderInternal()
#1 C:\xampp\htdocs\yiiproject\framework\web\CController.php(869): TblPostController->renderFile()
#2 C:\xampp\htdocs\yiiproject\framework\web\CController.php(782): TblPostController->renderPartial()
#3 C:\xampp\htdocs\blog\protected\controllers\TblPostController.php(143): TblPostController->render()
#4 C:\xampp\htdocs\yiiproject\framework\web\actions\CInlineAction.php(49): TblPostController->actionAdmin()
#5 C:\xampp\htdocs\yiiproject\framework\web\CController.php(308): CInlineAction->runWithParams()
#6 C:\xampp\htdocs\yiiproject\framework\web\filters\CFilterChain.php(133): TblPostController->runAction()
#7 C:\xampp\htdocs\yiiproject\framework\web\filters\CFilter.php(40): CFilterChain->run()
#8 C:\xampp\htdocs\yiiproject\framework\web\CController.php(1145): CAccessControlFilter->filter()
#9 C:\xampp\htdocs\yiiproject\framework\web\filters\CInlineFilter.php(58): TblPostController->filterAccessControl()
#10 C:\xampp\htdocs\yiiproject\framework\web\filters\CFilterChain.php(130): CInlineFilter->filter()
#11 C:\xampp\htdocs\yiiproject\framework\web\CController.php(291): CFilterChain->run()
#12 C:\xampp\htdocs\yiiproject\framework\web\CController.php(265): TblPostController->runActionWithFilters()
#13 C:\xampp\htdocs\yiiproject\framework\web\CWebApplication.php(282): TblPostController->run()
#14 C:\xampp\htdocs\yiiproject\framework\web\CWebApplication.php(141): CWebApplication->runController()
#15 C:\xampp\htdocs\yiiproject\framework\base\CApplication.php(180): CWebApplication->processRequest()
#16 C:\xampp\htdocs\blog\index.php(13): CWebApplication->run()
REQUEST_URI=/blog/index.php/tblpost/admin
in C:\xampp\htdocs\blog\protected\models\TblPost.php (91)
in C:\xampp\htdocs\blog\protected\views\tblPost\admin.php (45)
in C:\xampp\htdocs\blog\protected\controllers\TblPostController.php (143)
2014/06/26 12:19:00 [error] [php] Trying to get property of non-object (C:\xampp\htdocs\blog\protected\views\tblPost\admin.php:49)
Stack trace:
#0 C:\xampp\htdocs\yiiproject\framework\web\CController.php(869): TblPostController->renderFile()
#1 C:\xampp\htdocs\yiiproject\framework\web\CController.php(782): TblPostController->renderPartial()
#2 C:\xampp\htdocs\blog\protected\controllers\TblPostController.php(144): TblPostController->render()
#3 C:\xampp\htdocs\yiiproject\framework\web\actions\CInlineAction.php(49): TblPostController->actionAdmin()
#4 C:\xampp\htdocs\yiiproject\framework\web\CController.php(308): CInlineAction->runWithParams()
#5 C:\xampp\htdocs\yiiproject\framework\web\filters\CFilterChain.php(133): TblPostController->runAction()
#6 C:\xampp\htdocs\yiiproject\framework\web\filters\CFilter.php(40): CFilterChain->run()
#7 C:\xampp\htdocs\yiiproject\framework\web\CController.php(1145): CAccessControlFilter->filter()
#8 C:\xampp\htdocs\yiiproject\framework\web\filters\CInlineFilter.php(58): TblPostController->filterAccessControl()
#9 C:\xampp\htdocs\yiiproject\framework\web\filters\CFilterChain.php(130): CInlineFilter->filter()
#10 C:\xampp\htdocs\yiiproject\framework\web\CController.php(291): CFilterChain->run()
#11 C:\xampp\htdocs\yiiproject\framework\web\CController.php(265): TblPostController->runActionWithFilters()
#12 C:\xampp\htdocs\yiiproject\framework\web\CWebApplication.php(282): TblPostController->run()
#13 C:\xampp\htdocs\yiiproject\framework\web\CWebApplication.php(141): CWebApplication->runController()
#14 C:\xampp\htdocs\yiiproject\framework\base\CApplication.php(180): CWebApplication->processRequest()
#15 C:\xampp\htdocs\blog\index.php(13): CWebApplication->run()
REQUEST_URI=/blog/index.php/tblpost/admin
in C:\xampp\htdocs\blog\protected\views\tblPost\admin.php (49)
in C:\xampp\htdocs\blog\protected\controllers\TblPostController.php (144)
in C:\xampp\htdocs\blog\index.php (13)
2014/06/26 12:39:35 [error] [php] Trying to get property of non-object (C:\xampp\htdocs\blog\protected\views\tblPost\admin.php:49)
Stack trace:
#0 C:\xampp\htdocs\yiiproject\framework\web\CController.php(869): TblPostController->renderFile()
#1 C:\xampp\htdocs\yiiproject\framework\web\CController.php(782): TblPostController->renderPartial()
#2 C:\xampp\htdocs\blog\protected\controllers\TblPostController.php(144): TblPostController->render()
#3 C:\xampp\htdocs\yiiproject\framework\web\actions\CInlineAction.php(49): TblPostController->actionAdmin()
#4 C:\xampp\htdocs\yiiproject\framework\web\CController.php(308): CInlineAction->runWithParams()
#5 C:\xampp\htdocs\yiiproject\framework\web\filters\CFilterChain.php(133): TblPostController->runAction()
#6 C:\xampp\htdocs\yiiproject\framework\web\filters\CFilter.php(40): CFilterChain->run()
#7 C:\xampp\htdocs\yiiproject\framework\web\CController.php(1145): CAccessControlFilter->filter()
#8 C:\xampp\htdocs\yiiproject\framework\web\filters\CInlineFilter.php(58): TblPostController->filterAccessControl()
#9 C:\xampp\htdocs\yiiproject\framework\web\filters\CFilterChain.php(130): CInlineFilter->filter()
#10 C:\xampp\htdocs\yiiproject\framework\web\CController.php(291): CFilterChain->run()
#11 C:\xampp\htdocs\yiiproject\framework\web\CController.php(265): TblPostController->runActionWithFilters()
#12 C:\xampp\htdocs\yiiproject\framework\web\CWebApplication.php(282): TblPostController->run()
#13 C:\xampp\htdocs\yiiproject\framework\web\CWebApplication.php(141): CWebApplication->runController()
#14 C:\xampp\htdocs\yiiproject\framework\base\CApplication.php(180): CWebApplication->processRequest()
#15 C:\xampp\htdocs\blog\index.php(13): CWebApplication->run()
REQUEST_URI=/blog/index.php/tblpost/admin
in C:\xampp\htdocs\blog\protected\views\tblPost\admin.php (49)
in C:\xampp\htdocs\blog\protected\controllers\TblPostController.php (144)
in C:\xampp\htdocs\blog\index.php (13)
2014/06/26 12:41:06 [error] [php] Trying to get property of non-object (C:\xampp\htdocs\blog\protected\views\tblPost\admin.php:49)
Stack trace:
#0 C:\xampp\htdocs\yiiproject\framework\web\CController.php(869): TblPostController->renderFile()
#1 C:\xampp\htdocs\yiiproject\framework\web\CController.php(782): TblPostController->renderPartial()
#2 C:\xampp\htdocs\blog\protected\controllers\TblPostController.php(144): TblPostController->render()
#3 C:\xampp\htdocs\yiiproject\framework\web\actions\CInlineAction.php(49): TblPostController->actionAdmin()
#4 C:\xampp\htdocs\yiiproject\framework\web\CController.php(308): CInlineAction->runWithParams()
#5 C:\xampp\htdocs\yiiproject\framework\web\filters\CFilterChain.php(133): TblPostController->runAction()
#6 C:\xampp\htdocs\yiiproject\framework\web\filters\CFilter.php(40): CFilterChain->run()
#7 C:\xampp\htdocs\yiiproject\framework\web\CController.php(1145): CAccessControlFilter->filter()
#8 C:\xampp\htdocs\yiiproject\framework\web\filters\CInlineFilter.php(58): TblPostController->filterAccessControl()
#9 C:\xampp\htdocs\yiiproject\framework\web\filters\CFilterChain.php(130): CInlineFilter->filter()
#10 C:\xampp\htdocs\yiiproject\framework\web\CController.php(291): CFilterChain->run()
#11 C:\xampp\htdocs\yiiproject\framework\web\CController.php(265): TblPostController->runActionWithFilters()
#12 C:\xampp\htdocs\yiiproject\framework\web\CWebApplication.php(282): TblPostController->run()
#13 C:\xampp\htdocs\yiiproject\framework\web\CWebApplication.php(141): CWebApplication->runController()
#14 C:\xampp\htdocs\yiiproject\framework\base\CApplication.php(180): CWebApplication->processRequest()
#15 C:\xampp\htdocs\blog\index.php(13): CWebApplication->run()
REQUEST_URI=/blog/index.php/tblpost/admin
in C:\xampp\htdocs\blog\protected\views\tblPost\admin.php (49)
in C:\xampp\htdocs\blog\protected\controllers\TblPostController.php (144)
in C:\xampp\htdocs\blog\index.php (13)
2014/06/29 12:04:06 [error] [php] Undefined variable: model (C:\xampp\htdocs\yiiproject\framework\base\CComponent.php(612) : eval()'d code:1)
Stack trace:
#0 C:\xampp\htdocs\yiiproject\framework\zii\widgets\grid\CGridColumn.php(151): CDataColumn->renderDataCellContent()
#1 C:\xampp\htdocs\yiiproject\framework\zii\widgets\grid\CGridView.php(616): CDataColumn->renderDataCell()
#2 C:\xampp\htdocs\yiiproject\framework\zii\widgets\grid\CGridView.php(572): CGridView->renderTableRow()
#3 C:\xampp\htdocs\yiiproject\framework\zii\widgets\grid\CGridView.php(482): CGridView->renderTableBody()
#4 C:\xampp\htdocs\yiiproject\framework\zii\widgets\CBaseListView.php(167): CGridView->renderItems()
#5 unknown(0): CGridView->renderSection()
#6 C:\xampp\htdocs\yiiproject\framework\zii\widgets\CBaseListView.php(150): preg_replace_callback()
#7 C:\xampp\htdocs\yiiproject\framework\zii\widgets\CBaseListView.php(135): CGridView->renderContent()
#8 C:\xampp\htdocs\yiiproject\framework\web\CBaseController.php(173): CGridView->run()
#9 C:\xampp\htdocs\blog\protected\views\tblPost\admin.php(61): TblPostController->widget()
#10 C:\xampp\htdocs\yiiproject\framework\web\CBaseController.php(126): require()
#11 C:\xampp\htdocs\yiiproject\framework\web\CBaseController.php(95): TblPostController->renderInternal()
#12 C:\xampp\htdocs\yiiproject\framework\web\CController.php(869): TblPostController->renderFile()
#13 C:\xampp\htdocs\yiiproject\framework\web\CController.php(782): TblPostController->renderPartial()
#14 C:\xampp\htdocs\blog\protected\controllers\TblPostController.php(144): TblPostController->render()
#15 C:\xampp\htdocs\yiiproject\framework\web\actions\CInlineAction.php(49): TblPostController->actionAdmin()
#16 C:\xampp\htdocs\yiiproject\framework\web\CController.php(308): CInlineAction->runWithParams()
#17 C:\xampp\htdocs\yiiproject\framework\web\filters\CFilterChain.php(133): TblPostController->runAction()
#18 C:\xampp\htdocs\yiiproject\framework\web\filters\CFilter.php(40): CFilterChain->run()
#19 C:\xampp\htdocs\yiiproject\framework\web\CController.php(1145): CAccessControlFilter->filter()
#20 C:\xampp\htdocs\yiiproject\framework\web\filters\CInlineFilter.php(58): TblPostController->filterAccessControl()
#21 C:\xampp\htdocs\yiiproject\framework\web\filters\CFilterChain.php(130): CInlineFilter->filter()
#22 C:\xampp\htdocs\yiiproject\framework\web\CController.php(291): CFilterChain->run()
#23 C:\xampp\htdocs\yiiproject\framework\web\CController.php(265): TblPostController->runActionWithFilters()
#24 C:\xampp\htdocs\yiiproject\framework\web\CWebApplication.php(282): TblPostController->run()
#25 C:\xampp\htdocs\yiiproject\framework\web\CWebApplication.php(141): CWebApplication->runController()
#26 C:\xampp\htdocs\yiiproject\framework\base\CApplication.php(180): CWebApplication->processRequest()
#27 C:\xampp\htdocs\blog\index.php(13): CWebApplication->run()
REQUEST_URI=/blog/index.php/tblpost/admin
in C:\xampp\htdocs\blog\protected\views\tblPost\admin.php (61)
in C:\xampp\htdocs\blog\protected\controllers\TblPostController.php (144)
in C:\xampp\htdocs\blog\index.php (13)
2014/06/30 10:19:56 [error] [php] Undefined variable: model (C:\xampp\htdocs\yiiproject\framework\base\CComponent.php(612) : eval()'d code:1)
Stack trace:
#0 C:\xampp\htdocs\yiiproject\framework\zii\widgets\grid\CGridColumn.php(151): CDataColumn->renderDataCellContent()
#1 C:\xampp\htdocs\yiiproject\framework\zii\widgets\grid\CGridView.php(616): CDataColumn->renderDataCell()
#2 C:\xampp\htdocs\yiiproject\framework\zii\widgets\grid\CGridView.php(572): CGridView->renderTableRow()
#3 C:\xampp\htdocs\yiiproject\framework\zii\widgets\grid\CGridView.php(482): CGridView->renderTableBody()
#4 C:\xampp\htdocs\yiiproject\framework\zii\widgets\CBaseListView.php(167): CGridView->renderItems()
#5 unknown(0): CGridView->renderSection()
#6 C:\xampp\htdocs\yiiproject\framework\zii\widgets\CBaseListView.php(150): preg_replace_callback()
#7 C:\xampp\htdocs\yiiproject\framework\zii\widgets\CBaseListView.php(135): CGridView->renderContent()
#8 C:\xampp\htdocs\yiiproject\framework\web\CBaseController.php(173): CGridView->run()
#9 C:\xampp\htdocs\blog\protected\views\tblPost\admin.php(61): TblPostController->widget()
#10 C:\xampp\htdocs\yiiproject\framework\web\CBaseController.php(126): require()
#11 C:\xampp\htdocs\yiiproject\framework\web\CBaseController.php(95): TblPostController->renderInternal()
#12 C:\xampp\htdocs\yiiproject\framework\web\CController.php(869): TblPostController->renderFile()
#13 C:\xampp\htdocs\yiiproject\framework\web\CController.php(782): TblPostController->renderPartial()
#14 C:\xampp\htdocs\blog\protected\controllers\TblPostController.php(144): TblPostController->render()
#15 C:\xampp\htdocs\yiiproject\framework\web\actions\CInlineAction.php(49): TblPostController->actionAdmin()
#16 C:\xampp\htdocs\yiiproject\framework\web\CController.php(308): CInlineAction->runWithParams()
#17 C:\xampp\htdocs\yiiproject\framework\web\filters\CFilterChain.php(133): TblPostController->runAction()
#18 C:\xampp\htdocs\yiiproject\framework\web\filters\CFilter.php(40): CFilterChain->run()
#19 C:\xampp\htdocs\yiiproject\framework\web\CController.php(1145): CAccessControlFilter->filter()
#20 C:\xampp\htdocs\yiiproject\framework\web\filters\CInlineFilter.php(58): TblPostController->filterAccessControl()
#21 C:\xampp\htdocs\yiiproject\framework\web\filters\CFilterChain.php(130): CInlineFilter->filter()
#22 C:\xampp\htdocs\yiiproject\framework\web\CController.php(291): CFilterChain->run()
#23 C:\xampp\htdocs\yiiproject\framework\web\CController.php(265): TblPostController->runActionWithFilters()
#24 C:\xampp\htdocs\yiiproject\framework\web\CWebApplication.php(282): TblPostController->run()
#25 C:\xampp\htdocs\yiiproject\framework\web\CWebApplication.php(141): CWebApplication->runController()
#26 C:\xampp\htdocs\yiiproject\framework\base\CApplication.php(180): CWebApplication->processRequest()
#27 C:\xampp\htdocs\blog\index.php(13): CWebApplication->run()
REQUEST_URI=/blog/index.php/tblpost/admin
in C:\xampp\htdocs\blog\protected\views\tblPost\admin.php (61)
in C:\xampp\htdocs\blog\protected\controllers\TblPostController.php (144)
in C:\xampp\htdocs\blog\index.php (13)
2014/06/30 10:28:32 [error] [php] htmlspecialchars() expects parameter 1 to be string, array given (C:\xampp\htdocs\yiiproject\framework\web\helpers\CHtml.php:103)
Stack trace:
#0 C:\xampp\htdocs\yiiproject\framework\web\CBaseController.php(130): require()
#1 C:\xampp\htdocs\yiiproject\framework\web\CBaseController.php(95): TblPostController->renderInternal()
#2 C:\xampp\htdocs\yiiproject\framework\zii\widgets\CListView.php(291): TblPostController->renderFile()
#3 C:\xampp\htdocs\yiiproject\framework\zii\widgets\CBaseListView.php(167): CListView->renderItems()
#4 unknown(0): CListView->renderSection()
#5 C:\xampp\htdocs\yiiproject\framework\zii\widgets\CBaseListView.php(150): preg_replace_callback()
#6 C:\xampp\htdocs\yiiproject\framework\zii\widgets\CBaseListView.php(135): CListView->renderContent()
#7 C:\xampp\htdocs\yiiproject\framework\web\CBaseController.php(173): CListView->run()
#8 C:\xampp\htdocs\blog\protected\views\tblPost\index.php(20): TblPostController->widget()
#9 C:\xampp\htdocs\yiiproject\framework\web\CBaseController.php(126): require()
#10 C:\xampp\htdocs\yiiproject\framework\web\CBaseController.php(95): TblPostController->renderInternal()
#11 C:\xampp\htdocs\yiiproject\framework\web\CController.php(869): TblPostController->renderFile()
#12 C:\xampp\htdocs\yiiproject\framework\web\CController.php(782): TblPostController->renderPartial()
#13 C:\xampp\htdocs\blog\protected\controllers\TblPostController.php(128): TblPostController->render()
#14 C:\xampp\htdocs\yiiproject\framework\web\actions\CInlineAction.php(49): TblPostController->actionIndex()
#15 C:\xampp\htdocs\yiiproject\framework\web\CController.php(308): CInlineAction->runWithParams()
#16 C:\xampp\htdocs\yiiproject\framework\web\filters\CFilterChain.php(133): TblPostController->runAction()
#17 C:\xampp\htdocs\yiiproject\framework\web\filters\CFilter.php(40): CFilterChain->run()
#18 C:\xampp\htdocs\yiiproject\framework\web\CController.php(1145): CAccessControlFilter->filter()
#19 C:\xampp\htdocs\yiiproject\framework\web\filters\CInlineFilter.php(58): TblPostController->filterAccessControl()
#20 C:\xampp\htdocs\yiiproject\framework\web\filters\CFilterChain.php(130): CInlineFilter->filter()
#21 C:\xampp\htdocs\yiiproject\framework\web\CController.php(291): CFilterChain->run()
#22 C:\xampp\htdocs\yiiproject\framework\web\CController.php(265): TblPostController->runActionWithFilters()
#23 C:\xampp\htdocs\yiiproject\framework\web\CWebApplication.php(282): TblPostController->run()
#24 C:\xampp\htdocs\yiiproject\framework\web\CWebApplication.php(141): CWebApplication->runController()
#25 C:\xampp\htdocs\yiiproject\framework\base\CApplication.php(180): CWebApplication->processRequest()
#26 C:\xampp\htdocs\blog\index.php(13): CWebApplication->run()
REQUEST_URI=/blog/index.php/tblpost/index
in C:\xampp\htdocs\blog\protected\views\tblPost\_view.php (9)
in C:\xampp\htdocs\blog\protected\views\tblPost\index.php (20)
in C:\xampp\htdocs\blog\protected\controllers\TblPostController.php (128)
2014/06/30 10:32:05 [error] [php] htmlspecialchars() expects parameter 1 to be string, array given (C:\xampp\htdocs\yiiproject\framework\web\helpers\CHtml.php:103)
Stack trace:
#0 C:\xampp\htdocs\yiiproject\framework\web\CBaseController.php(130): require()
#1 C:\xampp\htdocs\yiiproject\framework\web\CBaseController.php(95): TblPostController->renderInternal()
#2 C:\xampp\htdocs\yiiproject\framework\zii\widgets\CListView.php(291): TblPostController->renderFile()
#3 C:\xampp\htdocs\yiiproject\framework\zii\widgets\CBaseListView.php(167): CListView->renderItems()
#4 unknown(0): CListView->renderSection()
#5 C:\xampp\htdocs\yiiproject\framework\zii\widgets\CBaseListView.php(150): preg_replace_callback()
#6 C:\xampp\htdocs\yiiproject\framework\zii\widgets\CBaseListView.php(135): CListView->renderContent()
#7 C:\xampp\htdocs\yiiproject\framework\web\CBaseController.php(173): CListView->run()
#8 C:\xampp\htdocs\blog\protected\views\tblPost\index.php(20): TblPostController->widget()
#9 C:\xampp\htdocs\yiiproject\framework\web\CBaseController.php(126): require()
#10 C:\xampp\htdocs\yiiproject\framework\web\CBaseController.php(95): TblPostController->renderInternal()
#11 C:\xampp\htdocs\yiiproject\framework\web\CController.php(869): TblPostController->renderFile()
#12 C:\xampp\htdocs\yiiproject\framework\web\CController.php(782): TblPostController->renderPartial()
#13 C:\xampp\htdocs\blog\protected\controllers\TblPostController.php(128): TblPostController->render()
#14 C:\xampp\htdocs\yiiproject\framework\web\actions\CInlineAction.php(49): TblPostController->actionIndex()
#15 C:\xampp\htdocs\yiiproject\framework\web\CController.php(308): CInlineAction->runWithParams()
#16 C:\xampp\htdocs\yiiproject\framework\web\filters\CFilterChain.php(133): TblPostController->runAction()
#17 C:\xampp\htdocs\yiiproject\framework\web\filters\CFilter.php(40): CFilterChain->run()
#18 C:\xampp\htdocs\yiiproject\framework\web\CController.php(1145): CAccessControlFilter->filter()
#19 C:\xampp\htdocs\yiiproject\framework\web\filters\CInlineFilter.php(58): TblPostController->filterAccessControl()
#20 C:\xampp\htdocs\yiiproject\framework\web\filters\CFilterChain.php(130): CInlineFilter->filter()
#21 C:\xampp\htdocs\yiiproject\framework\web\CController.php(291): CFilterChain->run()
#22 C:\xampp\htdocs\yiiproject\framework\web\CController.php(265): TblPostController->runActionWithFilters()
#23 C:\xampp\htdocs\yiiproject\framework\web\CWebApplication.php(282): TblPostController->run()
#24 C:\xampp\htdocs\yiiproject\framework\web\CWebApplication.php(141): CWebApplication->runController()
#25 C:\xampp\htdocs\yiiproject\framework\base\CApplication.php(180): CWebApplication->processRequest()
#26 C:\xampp\htdocs\blog\index.php(13): CWebApplication->run()
REQUEST_URI=/blog/index.php/tblpost/index
in C:\xampp\htdocs\blog\protected\views\tblPost\_view.php (9)
in C:\xampp\htdocs\blog\protected\views\tblPost\index.php (20)
in C:\xampp\htdocs\blog\protected\controllers\TblPostController.php (128)
2014/06/30 10:32:28 [error] [exception.CHttpException.400] exception 'CHttpException' with message 'Your request is invalid.' in C:\xampp\htdocs\yiiproject\framework\web\CController.php:336
Stack trace:
#0 C:\xampp\htdocs\yiiproject\framework\web\CController.php(309): CController->invalidActionParams(Object(CInlineAction))
#1 C:\xampp\htdocs\yiiproject\framework\web\filters\CFilterChain.php(133): CController->runAction(Object(CInlineAction))
#2 C:\xampp\htdocs\yiiproject\framework\web\filters\CFilter.php(40): CFilterChain->run()
#3 C:\xampp\htdocs\yiiproject\framework\web\CController.php(1145): CFilter->filter(Object(CFilterChain))
#4 C:\xampp\htdocs\yiiproject\framework\web\filters\CInlineFilter.php(58): CController->filterAccessControl(Object(CFilterChain))
#5 C:\xampp\htdocs\yiiproject\framework\web\filters\CFilterChain.php(130): CInlineFilter->filter(Object(CFilterChain))
#6 C:\xampp\htdocs\yiiproject\framework\web\CController.php(291): CFilterChain->run()
#7 C:\xampp\htdocs\yiiproject\framework\web\CController.php(265): CController->runActionWithFilters(Object(CInlineAction), Array)
#8 C:\xampp\htdocs\yiiproject\framework\web\CWebApplication.php(282): CController->run('view')
#9 C:\xampp\htdocs\yiiproject\framework\web\CWebApplication.php(141): CWebApplication->runController('tblpost/view')
#10 C:\xampp\htdocs\yiiproject\framework\base\CApplication.php(180): CWebApplication->processRequest()
#11 C:\xampp\htdocs\blog\index.php(13): CApplication->run()
#12 {main}
REQUEST_URI=/blog/index.php/tblpost/view?title=gedfg
HTTP_REFERER=http://localhost/blog/index.php/tblpost/index
---
2014/06/30 10:32:40 [error] [exception.CHttpException.404] exception 'CHttpException' with message 'The system is unable to find the requested action "gedfg".' in C:\xampp\htdocs\yiiproject\framework\web\CController.php:483
Stack trace:
#0 C:\xampp\htdocs\yiiproject\framework\web\CController.php(270): CController->missingAction('gedfg')
#1 C:\xampp\htdocs\yiiproject\framework\web\CWebApplication.php(282): CController->run('gedfg')
#2 C:\xampp\htdocs\yiiproject\framework\web\CWebApplication.php(141): CWebApplication->runController('tblpost/gedfg')
#3 C:\xampp\htdocs\yiiproject\framework\base\CApplication.php(180): CWebApplication->processRequest()
#4 C:\xampp\htdocs\blog\index.php(13): CApplication->run()
#5 {main}
REQUEST_URI=/blog/index.php/tblpost/gedfg
HTTP_REFERER=http://localhost/blog/index.php
---
2014/06/30 11:41:25 [error] [exception.CHttpException.404] exception 'CHttpException' with message 'Unable to resolve the request "bootstrap.gii".' in C:\xampp\htdocs\yiiproject\framework\web\CWebApplication.php:286
Stack trace:
#0 C:\xampp\htdocs\yiiproject\framework\web\CWebApplication.php(141): CWebApplication->runController('bootstrap.gii')
#1 C:\xampp\htdocs\yiiproject\framework\base\CApplication.php(180): CWebApplication->processRequest()
#2 C:\xampp\htdocs\blog\index.php(13): CApplication->run()
#3 {main}
REQUEST_URI=/blog/index.php/bootstrap.gii
---
2014/06/30 11:41:33 [error] [exception.CHttpException.404] exception 'CHttpException' with message 'Unable to resolve the request "bootstrap".' in C:\xampp\htdocs\yiiproject\framework\web\CWebApplication.php:286
Stack trace:
#0 C:\xampp\htdocs\yiiproject\framework\web\CWebApplication.php(141): CWebApplication->runController('bootstrap')
#1 C:\xampp\htdocs\yiiproject\framework\base\CApplication.php(180): CWebApplication->processRequest()
#2 C:\xampp\htdocs\blog\index.php(13): CApplication->run()
#3 {main}
REQUEST_URI=/blog/index.php/bootstrap
---
